info: Microsoft.AspNetCore.DataProtection.KeyManagement.XmlKeyManager[0]
      User profile is available. Using 'C:\Users\rudyj\AppData\Local\ASP.NET\DataProtection-Keys' as key repository and Windows DPAPI to encrypt keys at rest.
infoinfo: IdentityServer4.Startup[0]
      You are using the in-memory version of the persisted grant store. This will store consent decisions, authorization codes, refresh and reference tokens in memory only. If you are using any of those features in production, you want to switch to a different store implementation.
: IdentityServer4.Startup[0]
      You are using the in-memory version of the persisted grant store. This will store consent decisions, authorization codes, refresh and reference tokens in memory only. If you are using any of those features in production, you want to switch to a different store implementation.
Hosting environment: Development
Content root path: D:\phsom\phsom-identity-server\Phsom.Idp
Now listening on: http://127.0.0.1:4647
Application started. Press Ctrl+C to shut down.
infoinfo: Microsoft.AspNetCore.Hosting.Internal.WebHost[1]
      Request starting HTTP/1.1 GET http://localhost:44352/  
: Microsoft.AspNetCore.Hosting.Internal.WebHost[1]
      Request starting HTTP/1.1 GET http://localhost:44352/  
info: Microsoft.AspNetCore.Mvc.Internal.ControllerActionInvoker[1]
      Route matched with {action = "Index", controller = "Home"}. Executing action IdentityServer4.Quickstart.UI.HomeController.Index (Phsom.Idp)
info: Microsoft.AspNetCore.Mvc.Internal.ControllerActionInvoker[1]
      Route matched with {action = "Index", controller = "Home"}. Executing action IdentityServer4.Quickstart.UI.HomeController.Index (Phsom.Idp)
infoinfo: Microsoft.AspNetCore.Mvc.Internal.ControllerActionInvoker[1]
      Executing action method IdentityServer4.Quickstart.UI.HomeController.Index (Phsom.Idp) - Validation state: Valid
: Microsoft.AspNetCore.Mvc.Internal.ControllerActionInvoker[1]
      Executing action method IdentityServer4.Quickstart.UI.HomeController.Index (Phsom.Idp) - Validation state: Valid
infoinfo: Microsoft.AspNetCore.Mvc.Internal.ControllerActionInvoker[2]
      Executed action method IdentityServer4.Quickstart.UI.HomeController.Index (Phsom.Idp), returned result Microsoft.AspNetCore.Mvc.ViewResult in 0.6625ms.
: Microsoft.AspNetCore.Mvc.Internal.ControllerActionInvoker[2]
      Executed action method IdentityServer4.Quickstart.UI.HomeController.Index (Phsom.Idp), returned result Microsoft.AspNetCore.Mvc.ViewResult in 0.6625ms.
infoinfo: Microsoft.AspNetCore.Mvc.ViewFeatures.ViewResultExecutor[1]
      Executing ViewResult, running view Index.
: Microsoft.AspNetCore.Mvc.ViewFeatures.ViewResultExecutor[1]
      Executing ViewResult, running view Index.
infoinfo: Microsoft.AspNetCore.Mvc.ViewFeatures.ViewResultExecutor[4]
      Executed ViewResult - view Index executed in 99.1496ms.
: Microsoft.AspNetCore.Mvc.ViewFeatures.ViewResultExecutor[4]
      Executed ViewResult - view Index executed in 99.1496ms.
infoinfo: Microsoft.AspNetCore.Mvc.Internal.ControllerActionInvoker[2]
      Executed action IdentityServer4.Quickstart.UI.HomeController.Index (Phsom.Idp) in 127.0183ms
: Microsoft.AspNetCore.Mvc.Internal.ControllerActionInvoker[2]
      Executed action IdentityServer4.Quickstart.UI.HomeController.Index (Phsom.Idp) in 127.0183ms
info: Microsoft.AspNetCore.Hosting.Internal.WebHost[2]
      Request finished in 296.3928ms 200 text/html; charset=utf-8
info: Microsoft.AspNetCore.Hosting.Internal.WebHost[2]
      Request finished in 296.3928ms 200 text/html; charset=utf-8
infoinfo: Microsoft.AspNetCore.Hosting.Internal.WebHost[1]
      Request starting HTTP/1.1 GET http://localhost:44352/lib/bootstrap/css/bootstrap.css  
: Microsoft.AspNetCore.Hosting.Internal.WebHost[1]
      Request starting HTTP/1.1 GET http://localhost:44352/lib/bootstrap/css/bootstrap.css  
info: Microsoft.AspNetCore.Hosting.Internal.WebHost[1]
      Request starting HTTP/1.1 GET http://localhost:44352/lib/bootstrap/js/bootstrap.js  
info: Microsoft.AspNetCore.Hosting.Internal.WebHost[1]
      Request starting HTTP/1.1 GET http://localhost:44352/icon.jpg  
info: Microsoft.AspNetCore.Hosting.Internal.WebHost[1]
      Request starting HTTP/1.1 GET http://localhost:44352/icon.png  
info: Microsoft.AspNetCore.Hosting.Internal.WebHost[1]
      Request starting HTTP/1.1 GET http://localhost:44352/css/site.css  
info: Microsoft.AspNetCore.Hosting.Internal.WebHost[1]
      Request starting HTTP/1.1 GET http://localhost:44352/lib/bootstrap/js/bootstrap.js  
info: Microsoft.AspNetCore.Hosting.Internal.WebHost[1]
      Request starting HTTP/1.1 GET http://localhost:44352/icon.jpg  
info: Microsoft.AspNetCore.Hosting.Internal.WebHost[1]
      Request starting HTTP/1.1 GET http://localhost:44352/lib/jquery/jquery.js  
info: Microsoft.AspNetCore.Hosting.Internal.WebHost[1]
      Request starting HTTP/1.1 GET http://localhost:44352/icon.png  
info: Microsoft.AspNetCore.Hosting.Internal.WebHost[1]
      Request starting HTTP/1.1 GET http://localhost:44352/css/site.css  
info: Microsoft.AspNetCore.Hosting.Internal.WebHost[1]
      Request starting HTTP/1.1 GET http://localhost:44352/lib/jquery/jquery.js  
info: Microsoft.AspNetCore.StaticFiles.StaticFileMiddleware[2]
      Sending file. Request path: '/icon.png'. Physical path: 'D:\phsom\phsom-identity-server\Phsom.Idp\wwwroot\icon.png'
info: Microsoft.AspNetCore.StaticFiles.StaticFileMiddleware[2]
      Sending file. Request path: '/css/site.css'. Physical path: 'D:\phsom\phsom-identity-server\Phsom.Idp\wwwroot\css\site.css'
info: Microsoft.AspNetCore.StaticFiles.StaticFileMiddleware[2]
      Sending file. Request path: '/icon.jpg'. Physical path: 'D:\phsom\phsom-identity-server\Phsom.Idp\wwwroot\icon.jpg'
info: Microsoft.AspNetCore.StaticFiles.StaticFileMiddleware[2]
      Sending file. Request path: '/lib/bootstrap/js/bootstrap.js'. Physical path: 'D:\phsom\phsom-identity-server\Phsom.Idp\wwwroot\lib\bootstrap\js\bootstrap.js'
info: Microsoft.AspNetCore.StaticFiles.StaticFileMiddleware[2]
      Sending file. Request path: '/icon.png'. Physical path: 'D:\phsom\phsom-identity-server\Phsom.Idp\wwwroot\icon.png'
info: Microsoft.AspNetCore.StaticFiles.StaticFileMiddleware[2]
      Sending file. Request path: '/css/site.css'. Physical path: 'D:\phsom\phsom-identity-server\Phsom.Idp\wwwroot\css\site.css'
info: Microsoft.AspNetCore.StaticFiles.StaticFileMiddleware[2]
      Sending file. Request path: '/icon.jpg'. Physical path: 'D:\phsom\phsom-identity-server\Phsom.Idp\wwwroot\icon.jpg'
info: Microsoft.AspNetCore.StaticFiles.StaticFileMiddleware[2]
      Sending file. Request path: '/lib/bootstrap/js/bootstrap.js'. Physical path: 'D:\phsom\phsom-identity-server\Phsom.Idp\wwwroot\lib\bootstrap\js\bootstrap.js'
info: Microsoft.AspNetCore.StaticFiles.StaticFileMiddleware[2]
      Sending file. Request path: '/lib/bootstrap/css/bootstrap.css'. Physical path: 'D:\phsom\phsom-identity-server\Phsom.Idp\wwwroot\lib\bootstrap\css\bootstrap.css'
info: Microsoft.AspNetCore.StaticFiles.StaticFileMiddleware[2]
      Sending file. Request path: '/lib/bootstrap/css/bootstrap.css'. Physical path: 'D:\phsom\phsom-identity-server\Phsom.Idp\wwwroot\lib\bootstrap\css\bootstrap.css'
info: Microsoft.AspNetCore.StaticFiles.StaticFileMiddleware[2]
      Sending file. Request path: '/lib/jquery/jquery.js'. Physical path: 'D:\phsom\phsom-identity-server\Phsom.Idp\wwwroot\lib\jquery\jquery.js'
info: Microsoft.AspNetCore.Hosting.Internal.WebHost[2]
      Request finished in 42.5184ms 200 image/png
info: Microsoft.AspNetCore.Hosting.Internal.WebHost[2]
      Request finished in 43.034ms 200 image/jpeg
info: Microsoft.AspNetCore.Hosting.Internal.WebHost[2]
      Request finished in 54.4235ms 200 text/css
info: Microsoft.AspNetCore.Hosting.Internal.WebHost[2]
      Request finished in 45.0937ms 200 application/javascript
info: Microsoft.AspNetCore.Hosting.Internal.WebHost[2]
      Request finished in 42.1485ms 200 text/css
info: Microsoft.AspNetCore.Hosting.Internal.WebHost[2]
      Request finished in 40.7519ms 200 application/javascript
info: Microsoft.AspNetCore.StaticFiles.StaticFileMiddleware[2]
      Sending file. Request path: '/lib/jquery/jquery.js'. Physical path: 'D:\phsom\phsom-identity-server\Phsom.Idp\wwwroot\lib\jquery\jquery.js'
info: Microsoft.AspNetCore.Hosting.Internal.WebHost[2]
      Request finished in 42.5184ms 200 image/png
info: Microsoft.AspNetCore.Hosting.Internal.WebHost[2]
      Request finished in 43.034ms 200 image/jpeg
info: Microsoft.AspNetCore.Hosting.Internal.WebHost[2]
      Request finished in 54.4235ms 200 text/css
info: Microsoft.AspNetCore.Hosting.Internal.WebHost[2]
      Request finished in 45.0937ms 200 application/javascript
info: Microsoft.AspNetCore.Hosting.Internal.WebHost[2]
      Request finished in 42.1485ms 200 text/css
info: Microsoft.AspNetCore.Hosting.Internal.WebHost[2]
      Request finished in 40.7519ms 200 application/javascript
