info: Microsoft.AspNetCore.DataProtection.KeyManagement.XmlKeyManager[0]
      User profile is available. Using 'C:\Users\rudyj\AppData\Local\ASP.NET\DataProtection-Keys' as key repository and Windows DPAPI to encrypt keys at rest.
Hosting environment: Development
Content root path: D:\phsom\phsom-identity-server\Phsom.Idp
Now listening on: http://127.0.0.1:12051
Application started. Press Ctrl+C to shut down.
info: Microsoft.AspNetCore.Hosting.Internal.WebHost[1]
      Request starting HTTP/1.1 GET http://localhost:44352/  
info: Microsoft.AspNetCore.Hosting.Internal.WebHost[1]
      Request starting HTTP/1.1 DEBUG http://localhost:44352/  0
info: Microsoft.AspNetCore.Hosting.Internal.WebHost[1]
      Request starting HTTP/1.1 DEBUG http://localhost:44352/  0
info: Microsoft.AspNetCore.Hosting.Internal.WebHost[1]
      Request starting HTTP/1.1 GET http://localhost:44352/  
info: Microsoft.AspNetCore.Hosting.Internal.WebHost[2]
      Request finished in 41.9195ms 200 
info: Microsoft.AspNetCore.Hosting.Internal.WebHost[2]
      Request finished in 41.9195ms 200 
info: Microsoft.AspNetCore.Mvc.Internal.ControllerActionInvoker[1]
      Route matched with {action = "Index", controller = "Home"}. Executing action IdentityServer4.Quickstart.UI.HomeController.Index (Phsom.Idp)
info: Microsoft.AspNetCore.Mvc.Internal.ControllerActionInvoker[1]
      Route matched with {action = "Index", controller = "Home"}. Executing action IdentityServer4.Quickstart.UI.HomeController.Index (Phsom.Idp)
info: Microsoft.AspNetCore.Mvc.Internal.ControllerActionInvoker[1]
      Executing action method IdentityServer4.Quickstart.UI.HomeController.Index (Phsom.Idp) - Validation state: Valid
info: Microsoft.AspNetCore.Mvc.Internal.ControllerActionInvoker[1]
      Executing action method IdentityServer4.Quickstart.UI.HomeController.Index (Phsom.Idp) - Validation state: Valid
info: Microsoft.AspNetCore.Mvc.Internal.ControllerActionInvoker[2]
      Executed action method IdentityServer4.Quickstart.UI.HomeController.Index (Phsom.Idp), returned result Microsoft.AspNetCore.Mvc.ViewResult in 1.1231ms.
info: Microsoft.AspNetCore.Mvc.Internal.ControllerActionInvoker[2]
      Executed action method IdentityServer4.Quickstart.UI.HomeController.Index (Phsom.Idp), returned result Microsoft.AspNetCore.Mvc.ViewResult in 1.1231ms.
info: Microsoft.AspNetCore.Mvc.ViewFeatures.ViewResultExecutor[1]
      Executing ViewResult, running view Index.
info: Microsoft.AspNetCore.Mvc.ViewFeatures.ViewResultExecutor[1]
      Executing ViewResult, running view Index.
info: Microsoft.AspNetCore.Mvc.ViewFeatures.ViewResultExecutor[4]
      Executed ViewResult - view Index executed in 110.4676ms.
info: Microsoft.AspNetCore.Mvc.ViewFeatures.ViewResultExecutor[4]
      Executed ViewResult - view Index executed in 110.4676ms.
info: Microsoft.AspNetCore.Mvc.Internal.ControllerActionInvoker[2]
      Executed action IdentityServer4.Quickstart.UI.HomeController.Index (Phsom.Idp) in 230.6515ms
info: Microsoft.AspNetCore.Mvc.Internal.ControllerActionInvoker[2]
      Executed action IdentityServer4.Quickstart.UI.HomeController.Index (Phsom.Idp) in 230.6515ms
info: Microsoft.AspNetCore.Hosting.Internal.WebHost[2]
      Request finished in 542.8408ms 200 text/html; charset=utf-8
info: Microsoft.AspNetCore.Hosting.Internal.WebHost[2]
      Request finished in 542.8408ms 200 text/html; charset=utf-8
info: Microsoft.AspNetCore.Hosting.Internal.WebHost[1]
      Request starting HTTP/1.1 GET http://localhost:44352/icon.png  
info: Microsoft.AspNetCore.Hosting.Internal.WebHost[1]
      Request starting HTTP/1.1 GET http://localhost:44352/icon.jpg  
info: Microsoft.AspNetCore.Hosting.Internal.WebHost[1]
      Request starting HTTP/1.1 GET http://localhost:44352/icon.png  
infoinfo: Microsoft.AspNetCore.Hosting.Internal.WebHost[1]
      Request starting HTTP/1.1 GET http://localhost:44352/lib/jquery/jquery.js  
info: Microsoft.AspNetCore.Hosting.Internal.WebHost[1]
      Request starting HTTP/1.1 GET http://localhost:44352/lib/bootstrap/js/bootstrap.js  
: Microsoft.AspNetCore.Hosting.Internal.WebHost[1]
      Request starting HTTP/1.1 GET http://localhost:44352/lib/jquery/jquery.js  
info: Microsoft.AspNetCore.Hosting.Internal.WebHost[1]
      Request starting HTTP/1.1 GET http://localhost:44352/icon.jpg  
info: Microsoft.AspNetCore.Hosting.Internal.WebHost[1]
      Request starting HTTP/1.1 GET http://localhost:44352/lib/bootstrap/css/bootstrap.css  
info: Microsoft.AspNetCore.Hosting.Internal.WebHost[1]
      Request starting HTTP/1.1 GET http://localhost:44352/css/site.css  
info: Microsoft.AspNetCore.Hosting.Internal.WebHost[1]
      Request starting HTTP/1.1 GET http://localhost:44352/lib/bootstrap/js/bootstrap.js  
info: Microsoft.AspNetCore.Hosting.Internal.WebHost[1]
      Request starting HTTP/1.1 GET http://localhost:44352/lib/bootstrap/css/bootstrap.css  
info: Microsoft.AspNetCore.Hosting.Internal.WebHost[1]
      Request starting HTTP/1.1 GET http://localhost:44352/css/site.css  
info: Microsoft.AspNetCore.StaticFiles.StaticFileMiddleware[2]
      Sending file. Request path: '/css/site.css'. Physical path: 'D:\phsom\phsom-identity-server\Phsom.Idp\wwwroot\css\site.css'
info: Microsoft.AspNetCore.StaticFiles.StaticFileMiddleware[2]
      Sending file. Request path: '/css/site.css'. Physical path: 'D:\phsom\phsom-identity-server\Phsom.Idp\wwwroot\css\site.css'
info: Microsoft.AspNetCore.StaticFiles.StaticFileMiddleware[2]
      Sending file. Request path: '/icon.jpg'. Physical path: 'D:\phsom\phsom-identity-server\Phsom.Idp\wwwroot\icon.jpg'
info: Microsoft.AspNetCore.Hosting.Internal.WebHost[2]
      Request finished in 56.5916ms 200 text/css
info: Microsoft.AspNetCore.StaticFiles.StaticFileMiddleware[2]
      Sending file. Request path: '/icon.jpg'. Physical path: 'D:\phsom\phsom-identity-server\Phsom.Idp\wwwroot\icon.jpg'
info: Microsoft.AspNetCore.Hosting.Internal.WebHost[2]
      Request finished in 56.5916ms 200 text/css
info: Microsoft.AspNetCore.Hosting.Internal.WebHost[2]
      Request finished in 141.7793ms 200 image/jpeg
info: Microsoft.AspNetCore.Hosting.Internal.WebHost[2]
      Request finished in 141.7793ms 200 image/jpeg
info: Microsoft.AspNetCore.StaticFiles.StaticFileMiddleware[2]
      Sending file. Request path: '/icon.png'. Physical path: 'D:\phsom\phsom-identity-server\Phsom.Idp\wwwroot\icon.png'
info: Microsoft.AspNetCore.StaticFiles.StaticFileMiddleware[2]
      Sending file. Request path: '/icon.png'. Physical path: 'D:\phsom\phsom-identity-server\Phsom.Idp\wwwroot\icon.png'
info: Microsoft.AspNetCore.StaticFiles.StaticFileMiddleware[2]
      Sending file. Request path: '/lib/bootstrap/js/bootstrap.js'. Physical path: 'D:\phsom\phsom-identity-server\Phsom.Idp\wwwroot\lib\bootstrap\js\bootstrap.js'
info: Microsoft.AspNetCore.StaticFiles.StaticFileMiddleware[2]
      Sending file. Request path: '/lib/bootstrap/js/bootstrap.js'. Physical path: 'D:\phsom\phsom-identity-server\Phsom.Idp\wwwroot\lib\bootstrap\js\bootstrap.js'
info: Microsoft.AspNetCore.StaticFiles.StaticFileMiddleware[2]
      Sending file. Request path: '/lib/bootstrap/css/bootstrap.css'. Physical path: 'D:\phsom\phsom-identity-server\Phsom.Idp\wwwroot\lib\bootstrap\css\bootstrap.css'
info: Microsoft.AspNetCore.StaticFiles.StaticFileMiddleware[2]
      Sending file. Request path: '/lib/bootstrap/css/bootstrap.css'. Physical path: 'D:\phsom\phsom-identity-server\Phsom.Idp\wwwroot\lib\bootstrap\css\bootstrap.css'
info: Microsoft.AspNetCore.StaticFiles.StaticFileMiddleware[2]
      Sending file. Request path: '/lib/jquery/jquery.js'. Physical path: 'D:\phsom\phsom-identity-server\Phsom.Idp\wwwroot\lib\jquery\jquery.js'
info: Microsoft.AspNetCore.StaticFiles.StaticFileMiddleware[2]
      Sending file. Request path: '/lib/jquery/jquery.js'. Physical path: 'D:\phsom\phsom-identity-server\Phsom.Idp\wwwroot\lib\jquery\jquery.js'
info: Microsoft.AspNetCore.Hosting.Internal.WebHost[2]
      Request finished in 231.3914ms 200 image/png
info: Microsoft.AspNetCore.Hosting.Internal.WebHost[2]
      Request finished in 186.8789ms 200 application/javascript
info: Microsoft.AspNetCore.Hosting.Internal.WebHost[2]
      Request finished in 186.8789ms 200 application/javascript
info: Microsoft.AspNetCore.Hosting.Internal.WebHost[2]
      Request finished in 222.0128ms 200 application/javascript
info: Microsoft.AspNetCore.Hosting.Internal.WebHost[2]
      Request finished in 147.9784ms 200 text/css
info: Microsoft.AspNetCore.Hosting.Internal.WebHost[2]
      Request finished in 231.3914ms 200 image/png
info: Microsoft.AspNetCore.Hosting.Internal.WebHost[2]
      Request finished in 222.0128ms 200 application/javascript
info: Microsoft.AspNetCore.Hosting.Internal.WebHost[2]
      Request finished in 147.9784ms 200 text/css
info: Microsoft.AspNetCore.Hosting.Internal.WebHost[1]
      Request starting HTTP/1.1 GET http://localhost:44352/swagger/index.html  
info: Microsoft.AspNetCore.Hosting.Internal.WebHost[1]
      Request starting HTTP/1.1 GET http://localhost:44352/swagger/index.html  
info: Microsoft.AspNetCore.Hosting.Internal.WebHost[2]
      Request finished in 44.7581ms 200 text/html
info: Microsoft.AspNetCore.Hosting.Internal.WebHost[2]
      Request finished in 44.7581ms 200 text/html
info: Microsoft.AspNetCore.Hosting.Internal.WebHost[1]
      Request starting HTTP/1.1 GET http://localhost:44352/swagger/swagger-ui-standalone-preset.js  
info: Microsoft.AspNetCore.Hosting.Internal.WebHost[1]
      Request starting HTTP/1.1 GET http://localhost:44352/swagger/swagger-ui-standalone-preset.js  
info: Microsoft.AspNetCore.Hosting.Internal.WebHost[1]
      Request starting HTTP/1.1 GET http://localhost:44352/swagger/swagger-ui.css  
info: Microsoft.AspNetCore.Hosting.Internal.WebHost[1]
      Request starting HTTP/1.1 GET http://localhost:44352/swagger/swagger-ui-bundle.js  
info: Microsoft.AspNetCore.Hosting.Internal.WebHost[1]
      Request starting HTTP/1.1 GET http://localhost:44352/swagger/swagger-ui.css  
info: Microsoft.AspNetCore.Hosting.Internal.WebHost[1]
      Request starting HTTP/1.1 GET http://localhost:44352/swagger/swagger-ui-bundle.js  
info: Microsoft.AspNetCore.StaticFiles.StaticFileMiddleware[2]
      Sending file. Request path: '/swagger-ui.css'. Physical path: 'N/A'
info: Microsoft.AspNetCore.StaticFiles.StaticFileMiddleware[2]
      Sending file. Request path: '/swagger-ui.css'. Physical path: 'N/A'
info: Microsoft.AspNetCore.StaticFiles.StaticFileMiddleware[2]
      Sending file. Request path: '/swagger-ui-standalone-preset.js'. Physical path: 'N/A'
info: Microsoft.AspNetCore.Hosting.Internal.WebHost[2]
      Request finished in 71.6285ms 200 text/css
info: Microsoft.AspNetCore.StaticFiles.StaticFileMiddleware[2]
      Sending file. Request path: '/swagger-ui-standalone-preset.js'. Physical path: 'N/A'
info: Microsoft.AspNetCore.Hosting.Internal.WebHost[2]
      Request finished in 71.6285ms 200 text/css
info: Microsoft.AspNetCore.Hosting.Internal.WebHost[2]
      Request finished in 105.3046ms 200 application/javascript
info: Microsoft.AspNetCore.Hosting.Internal.WebHost[2]
      Request finished in 105.3046ms 200 application/javascript
info: Microsoft.AspNetCore.StaticFiles.StaticFileMiddleware[2]
      Sending file. Request path: '/swagger-ui-bundle.js'. Physical path: 'N/A'
info: Microsoft.AspNetCore.StaticFiles.StaticFileMiddleware[2]
      Sending file. Request path: '/swagger-ui-bundle.js'. Physical path: 'N/A'
info: Microsoft.AspNetCore.Hosting.Internal.WebHost[2]
      Request finished in 99.6238ms 200 application/javascript
info: Microsoft.AspNetCore.Hosting.Internal.WebHost[2]
      Request finished in 99.6238ms 200 application/javascript
info: Microsoft.AspNetCore.Hosting.Internal.WebHost[1]
      Request starting HTTP/1.1 GET http://localhost:44352/swagger/swagger-ui-bundle.js.map  
info: Microsoft.AspNetCore.Hosting.Internal.WebHost[1]
      Request starting HTTP/1.1 GET http://localhost:44352/swagger/swagger-ui-bundle.js.map  
info: Microsoft.AspNetCore.Hosting.Internal.WebHost[1]
      Request starting HTTP/1.1 GET http://localhost:44352/swagger/swagger-ui-standalone-preset.js.map  
info: Microsoft.AspNetCore.Hosting.Internal.WebHost[1]
      Request starting HTTP/1.1 GET http://localhost:44352/swagger/swagger-ui-standalone-preset.js.map  
info: Microsoft.AspNetCore.Hosting.Internal.WebHost[1]
      Request starting HTTP/1.1 GET http://localhost:44352/swagger/v1/swagger.json  
info: Microsoft.AspNetCore.Hosting.Internal.WebHost[1]
      Request starting HTTP/1.1 GET http://localhost:44352/swagger/v1/swagger.json  
info: Microsoft.AspNetCore.StaticFiles.StaticFileMiddleware[2]
      Sending file. Request path: '/swagger-ui-standalone-preset.js.map'. Physical path: 'N/A'
info: Microsoft.AspNetCore.StaticFiles.StaticFileMiddleware[2]
      Sending file. Request path: '/swagger-ui-standalone-preset.js.map'. Physical path: 'N/A'
info: Microsoft.AspNetCore.Hosting.Internal.WebHost[2]
      Request finished in 86.2876ms 200 text/plain
info: Microsoft.AspNetCore.Hosting.Internal.WebHost[2]
      Request finished in 86.2876ms 200 text/plain
info: Microsoft.AspNetCore.StaticFiles.StaticFileMiddleware[2]
      Sending file. Request path: '/swagger-ui-bundle.js.map'. Physical path: 'N/A'
info: Microsoft.AspNetCore.StaticFiles.StaticFileMiddleware[2]
      Sending file. Request path: '/swagger-ui-bundle.js.map'. Physical path: 'N/A'
info: Microsoft.AspNetCore.Hosting.Internal.WebHost[2]
      Request finished in 204.9902ms 200 text/plain
info: Microsoft.AspNetCore.Hosting.Internal.WebHost[2]
      Request finished in 204.9902ms 200 text/plain
info: Microsoft.AspNetCore.Hosting.Internal.WebHost[2]
      Request finished in 300.055ms 200 application/json;charset=utf-8
info: Microsoft.AspNetCore.Hosting.Internal.WebHost[2]
      Request finished in 300.055ms 200 application/json;charset=utf-8
info: Microsoft.AspNetCore.Hosting.Internal.WebHost[1]
      Request starting HTTP/1.1 GET http://localhost:44352/swagger/v1/swagger.json  
info: Microsoft.AspNetCore.Hosting.Internal.WebHost[1]
      Request starting HTTP/1.1 GET http://localhost:44352/swagger/v1/swagger.json  
info: Microsoft.AspNetCore.Hosting.Internal.WebHost[2]
      Request finished in 26.8869ms 200 application/json;charset=utf-8
info: Microsoft.AspNetCore.Hosting.Internal.WebHost[2]
      Request finished in 26.8869ms 200 application/json;charset=utf-8
info: Microsoft.EntityFrameworkCore.Infrastructure[10403]
      Entity Framework Core 2.1.4-rtm-31024 initialized 'PersistedGrantDbContext' using provider 'Microsoft.EntityFrameworkCore.SqlServer' with options: MigrationsAssembly=Phsom.Idp 
info: Microsoft.EntityFrameworkCore.Infrastructure[10403]
      Entity Framework Core 2.1.4-rtm-31024 initialized 'PersistedGrantDbContext' using provider 'Microsoft.EntityFrameworkCore.SqlServer' with options: MigrationsAssembly=Phsom.Idp 
info: Microsoft.EntityFrameworkCore.Database.Command[20101]
      Executed DbCommand (31ms) [Parameters=[@__p_0='?' (DbType = Int32)], CommandType='Text', CommandTimeout='30']
      SELECT TOP(@__p_0) [x].[Key], [x].[ClientId], [x].[CreationTime], [x].[Data], [x].[Expiration], [x].[SubjectId], [x].[Type]
      FROM [PersistedGrants] AS [x]
      WHERE [x].[Expiration] < GETUTCDATE()
      ORDER BY [x].[Key]
info: Microsoft.EntityFrameworkCore.Database.Command[20101]
      Executed DbCommand (31ms) [Parameters=[@__p_0='?' (DbType = Int32)], CommandType='Text', CommandTimeout='30']
      SELECT TOP(@__p_0) [x].[Key], [x].[ClientId], [x].[CreationTime], [x].[Data], [x].[Expiration], [x].[SubjectId], [x].[Type]
      FROM [PersistedGrants] AS [x]
      WHERE [x].[Expiration] < GETUTCDATE()
      ORDER BY [x].[Key]
info: IdentityServer4.EntityFramework.TokenCleanup[0]
      Clearing 0 tokens
info: IdentityServer4.EntityFramework.TokenCleanup[0]
      Clearing 0 tokens
info: Microsoft.AspNetCore.Hosting.Internal.WebHost[1]
      Request starting HTTP/1.1 GET http://localhost:44352/swagger/v1/swagger.json  
info: Microsoft.AspNetCore.Hosting.Internal.WebHost[1]
      Request starting HTTP/1.1 GET http://localhost:44352/swagger/v1/swagger.json  
info: Microsoft.AspNetCore.Hosting.Internal.WebHost[2]
      Request finished in 16.3952ms 200 application/json;charset=utf-8
info: Microsoft.AspNetCore.Hosting.Internal.WebHost[2]
      Request finished in 16.3952ms 200 application/json;charset=utf-8
info: Microsoft.EntityFrameworkCore.Infrastructure[10403]
      Entity Framework Core 2.1.4-rtm-31024 initialized 'PersistedGrantDbContext' using provider 'Microsoft.EntityFrameworkCore.SqlServer' with options: MigrationsAssembly=Phsom.Idp 
info: Microsoft.EntityFrameworkCore.Infrastructure[10403]
      Entity Framework Core 2.1.4-rtm-31024 initialized 'PersistedGrantDbContext' using provider 'Microsoft.EntityFrameworkCore.SqlServer' with options: MigrationsAssembly=Phsom.Idp 
info: Microsoft.EntityFrameworkCore.Database.Command[20101]
      Executed DbCommand (14ms) [Parameters=[@__p_0='?' (DbType = Int32)], CommandType='Text', CommandTimeout='30']
      SELECT TOP(@__p_0) [x].[Key], [x].[ClientId], [x].[CreationTime], [x].[Data], [x].[Expiration], [x].[SubjectId], [x].[Type]
      FROM [PersistedGrants] AS [x]
      WHERE [x].[Expiration] < GETUTCDATE()
      ORDER BY [x].[Key]
info: Microsoft.EntityFrameworkCore.Database.Command[20101]
      Executed DbCommand (14ms) [Parameters=[@__p_0='?' (DbType = Int32)], CommandType='Text', CommandTimeout='30']
      SELECT TOP(@__p_0) [x].[Key], [x].[ClientId], [x].[CreationTime], [x].[Data], [x].[Expiration], [x].[SubjectId], [x].[Type]
      FROM [PersistedGrants] AS [x]
      WHERE [x].[Expiration] < GETUTCDATE()
      ORDER BY [x].[Key]
info: IdentityServer4.EntityFramework.TokenCleanup[0]
      Clearing 0 tokens
info: IdentityServer4.EntityFramework.TokenCleanup[0]
      Clearing 0 tokens
info: Microsoft.EntityFrameworkCore.Infrastructure[10403]
      Entity Framework Core 2.1.4-rtm-31024 initialized 'PersistedGrantDbContext' using provider 'Microsoft.EntityFrameworkCore.SqlServer' with options: MigrationsAssembly=Phsom.Idp 
info: Microsoft.EntityFrameworkCore.Infrastructure[10403]
      Entity Framework Core 2.1.4-rtm-31024 initialized 'PersistedGrantDbContext' using provider 'Microsoft.EntityFrameworkCore.SqlServer' with options: MigrationsAssembly=Phsom.Idp 
info: Microsoft.EntityFrameworkCore.Database.Command[20101]
      Executed DbCommand (12ms) [Parameters=[@__p_0='?' (DbType = Int32)], CommandType='Text', CommandTimeout='30']
      SELECT TOP(@__p_0) [x].[Key], [x].[ClientId], [x].[CreationTime], [x].[Data], [x].[Expiration], [x].[SubjectId], [x].[Type]
      FROM [PersistedGrants] AS [x]
      WHERE [x].[Expiration] < GETUTCDATE()
      ORDER BY [x].[Key]
info: Microsoft.EntityFrameworkCore.Database.Command[20101]
      Executed DbCommand (12ms) [Parameters=[@__p_0='?' (DbType = Int32)], CommandType='Text', CommandTimeout='30']
      SELECT TOP(@__p_0) [x].[Key], [x].[ClientId], [x].[CreationTime], [x].[Data], [x].[Expiration], [x].[SubjectId], [x].[Type]
      FROM [PersistedGrants] AS [x]
      WHERE [x].[Expiration] < GETUTCDATE()
      ORDER BY [x].[Key]
info: IdentityServer4.EntityFramework.TokenCleanup[0]
      Clearing 0 tokens
info: IdentityServer4.EntityFramework.TokenCleanup[0]
      Clearing 0 tokens






























































































