info: Microsoft.AspNetCore.DataProtection.KeyManagement.XmlKeyManager[0]
      User profile is available. Using 'C:\Users\rudyj\AppData\Local\ASP.NET\DataProtection-Keys' as key repository and Windows DPAPI to encrypt keys at rest.
Hosting environment: Development
Content root path: D:\Phsom\phsom-identity-server\Phsom.Idp
Now listening on: http://127.0.0.1:16869
Application started. Press Ctrl+C to shut down.
info: Microsoft.AspNetCore.Hosting.Internal.WebHost[1]
      Request starting HTTP/1.1 GET http://localhost:44352/  
infoinfo: Microsoft.AspNetCore.Hosting.Internal.WebHost[1]
      Request starting HTTP/1.1 DEBUG http://localhost:44352/  0
: Microsoft.AspNetCore.Hosting.Internal.WebHost[1]
      Request starting HTTP/1.1 DEBUG http://localhost:44352/  0
info: Microsoft.AspNetCore.Hosting.Internal.WebHost[1]
      Request starting HTTP/1.1 GET http://localhost:44352/  
info: Microsoft.AspNetCore.Hosting.Internal.WebHost[2]
      Request finished in 40.3391ms 200 
info: Microsoft.AspNetCore.Hosting.Internal.WebHost[2]
      Request finished in 40.3391ms 200 
info: Microsoft.EntityFrameworkCore.Infrastructure[10403]
      Entity Framework Core 2.1.4-rtm-31024 initialized 'ApplicationDbContext' using provider 'Microsoft.EntityFrameworkCore.SqlServer' with options: using lazy-loading proxies MigrationsAssembly=Phsom.Idp 
info: Microsoft.EntityFrameworkCore.Infrastructure[10403]
      Entity Framework Core 2.1.4-rtm-31024 initialized 'ApplicationDbContext' using provider 'Microsoft.EntityFrameworkCore.SqlServer' with options: using lazy-loading proxies MigrationsAssembly=Phsom.Idp 
info: Microsoft.EntityFrameworkCore.Database.Command[20101]
      Executed DbCommand (58ms) [Parameters=[@__get_Item_0='?' (DbType = Int64)], CommandType='Text', CommandTimeout='30']
      SELECT TOP(1) [e].[Id], [e].[AccessFailedCount], [e].[ConcurrencyStamp], [e].[Email], [e].[EmailConfirmed], [e].[LockoutEnabled], [e].[LockoutEnd], [e].[NormalizedEmail], [e].[NormalizedUserName], [e].[PasswordHash], [e].[PhoneNumber], [e].[PhoneNumberConfirmed], [e].[SecurityStamp], [e].[TwoFactorEnabled], [e].[UserName]
      FROM [AspNetUsers] AS [e]
      WHERE [e].[Id] = @__get_Item_0
info: Microsoft.EntityFrameworkCore.Database.Command[20101]
      Executed DbCommand (58ms) [Parameters=[@__get_Item_0='?' (DbType = Int64)], CommandType='Text', CommandTimeout='30']
      SELECT TOP(1) [e].[Id], [e].[AccessFailedCount], [e].[ConcurrencyStamp], [e].[Email], [e].[EmailConfirmed], [e].[LockoutEnabled], [e].[LockoutEnd], [e].[NormalizedEmail], [e].[NormalizedUserName], [e].[PasswordHash], [e].[PhoneNumber], [e].[PhoneNumberConfirmed], [e].[SecurityStamp], [e].[TwoFactorEnabled], [e].[UserName]
      FROM [AspNetUsers] AS [e]
      WHERE [e].[Id] = @__get_Item_0
info: Microsoft.AspNetCore.Authentication.Cookies.CookieAuthenticationHandler[11]
      AuthenticationScheme: Identity.Application signed out.
info: Microsoft.AspNetCore.Authentication.Cookies.CookieAuthenticationHandler[11]
      AuthenticationScheme: Identity.Application signed out.
info: Microsoft.AspNetCore.Authentication.Cookies.CookieAuthenticationHandler[11]
      AuthenticationScheme: Identity.External signed out.
info: Microsoft.AspNetCore.Authentication.Cookies.CookieAuthenticationHandler[11]
      AuthenticationScheme: Identity.External signed out.
info: Microsoft.AspNetCore.Authentication.Cookies.CookieAuthenticationHandler[11]
      AuthenticationScheme: Identity.TwoFactorUserId signed out.
info: Microsoft.AspNetCore.Authentication.Cookies.CookieAuthenticationHandler[11]
      AuthenticationScheme: Identity.TwoFactorUserId signed out.
info: Microsoft.AspNetCore.Authentication.Cookies.CookieAuthenticationHandler[7]
      Identity.Application was not authenticated. Failure message: No principal.
info: Microsoft.AspNetCore.Authentication.Cookies.CookieAuthenticationHandler[7]
      Identity.Application was not authenticated. Failure message: No principal.
info: Microsoft.AspNetCore.Authentication.Cookies.CookieAuthenticationHandler[7]
      Identity.Application was not authenticated. Failure message: No principal.
info: Microsoft.AspNetCore.Authentication.Cookies.CookieAuthenticationHandler[7]
      Identity.Application was not authenticated. Failure message: No principal.
info: Microsoft.AspNetCore.Mvc.Internal.ControllerActionInvoker[1]
      Route matched with {action = "Index", controller = "Home"}. Executing action IdentityServer4.Quickstart.UI.HomeController.Index (Phsom.Idp)
info: Microsoft.AspNetCore.Mvc.Internal.ControllerActionInvoker[1]
      Route matched with {action = "Index", controller = "Home"}. Executing action IdentityServer4.Quickstart.UI.HomeController.Index (Phsom.Idp)
info: Microsoft.AspNetCore.Mvc.Internal.ControllerActionInvoker[1]
      Executing action method IdentityServer4.Quickstart.UI.HomeController.Index (Phsom.Idp) - Validation state: Valid
info: Microsoft.AspNetCore.Mvc.Internal.ControllerActionInvoker[1]
      Executing action method IdentityServer4.Quickstart.UI.HomeController.Index (Phsom.Idp) - Validation state: Valid
info: Microsoft.AspNetCore.Mvc.Internal.ControllerActionInvoker[2]
      Executed action method IdentityServer4.Quickstart.UI.HomeController.Index (Phsom.Idp), returned result Microsoft.AspNetCore.Mvc.ViewResult in 0.9827ms.
info: Microsoft.AspNetCore.Mvc.Internal.ControllerActionInvoker[2]
      Executed action method IdentityServer4.Quickstart.UI.HomeController.Index (Phsom.Idp), returned result Microsoft.AspNetCore.Mvc.ViewResult in 0.9827ms.
info: Microsoft.AspNetCore.Mvc.ViewFeatures.ViewResultExecutor[1]
      Executing ViewResult, running view Index.
info: Microsoft.AspNetCore.Mvc.ViewFeatures.ViewResultExecutor[1]
      Executing ViewResult, running view Index.
info: Microsoft.AspNetCore.Mvc.ViewFeatures.ViewResultExecutor[4]
      Executed ViewResult - view Index executed in 95.3251ms.
info: Microsoft.AspNetCore.Mvc.ViewFeatures.ViewResultExecutor[4]
      Executed ViewResult - view Index executed in 95.3251ms.
info: Microsoft.AspNetCore.Mvc.Internal.ControllerActionInvoker[2]
      Executed action IdentityServer4.Quickstart.UI.HomeController.Index (Phsom.Idp) in 214.8761ms
info: Microsoft.AspNetCore.Mvc.Internal.ControllerActionInvoker[2]
      Executed action IdentityServer4.Quickstart.UI.HomeController.Index (Phsom.Idp) in 214.8761ms
info: Microsoft.AspNetCore.Hosting.Internal.WebHost[2]
      Request finished in 2600.5328ms 200 text/html; charset=utf-8
info: Microsoft.AspNetCore.Hosting.Internal.WebHost[2]
      Request finished in 2600.5328ms 200 text/html; charset=utf-8
info: Microsoft.AspNetCore.Hosting.Internal.WebHost[1]
      Request starting HTTP/1.1 POST http://localhost:44352/api/Users application/json 262
info: Microsoft.AspNetCore.Hosting.Internal.WebHost[1]
      Request starting HTTP/1.1 POST http://localhost:44352/api/Users application/json 262
info: Microsoft.AspNetCore.Cors.Infrastructure.CorsService[4]
      Policy execution successful.
info: Microsoft.AspNetCore.Cors.Infrastructure.CorsService[4]
      Policy execution successful.
info: Microsoft.AspNetCore.Mvc.Internal.ControllerActionInvoker[1]
      Route matched with {action = "Post", controller = "Users"}. Executing action Phsom.Idp.Controllers.UsersController.Post (Phsom.Idp)
info: Microsoft.AspNetCore.Mvc.Internal.ControllerActionInvoker[1]
      Route matched with {action = "Post", controller = "Users"}. Executing action Phsom.Idp.Controllers.UsersController.Post (Phsom.Idp)
info: Microsoft.AspNetCore.Mvc.Internal.ControllerActionInvoker[1]
      Executing action method Phsom.Idp.Controllers.UsersController.Post (Phsom.Idp) with arguments (Phsom.Idp.Models.UserCreationDto) - Validation state: Valid
info: Microsoft.AspNetCore.Mvc.Internal.ControllerActionInvoker[1]
      Executing action method Phsom.Idp.Controllers.UsersController.Post (Phsom.Idp) with arguments (Phsom.Idp.Models.UserCreationDto) - Validation state: Valid
info: Microsoft.EntityFrameworkCore.Infrastructure[10403]
      Entity Framework Core 2.1.4-rtm-31024 initialized 'ApplicationDbContext' using provider 'Microsoft.EntityFrameworkCore.SqlServer' with options: using lazy-loading proxies MigrationsAssembly=Phsom.Idp 
info: Microsoft.EntityFrameworkCore.Infrastructure[10403]
      Entity Framework Core 2.1.4-rtm-31024 initialized 'ApplicationDbContext' using provider 'Microsoft.EntityFrameworkCore.SqlServer' with options: using lazy-loading proxies MigrationsAssembly=Phsom.Idp 
info: Microsoft.EntityFrameworkCore.Database.Command[20101]
      Executed DbCommand (81ms) [Parameters=[@__normalizedUserName_0='?' (Size = 256)], CommandType='Text', CommandTimeout='30']
      SELECT TOP(1) [u].[Id], [u].[AccessFailedCount], [u].[ConcurrencyStamp], [u].[Email], [u].[EmailConfirmed], [u].[LockoutEnabled], [u].[LockoutEnd], [u].[NormalizedEmail], [u].[NormalizedUserName], [u].[PasswordHash], [u].[PhoneNumber], [u].[PhoneNumberConfirmed], [u].[SecurityStamp], [u].[TwoFactorEnabled], [u].[UserName]
      FROM [AspNetUsers] AS [u]
      WHERE [u].[NormalizedUserName] = @__normalizedUserName_0
info: Microsoft.EntityFrameworkCore.Database.Command[20101]
      Executed DbCommand (81ms) [Parameters=[@__normalizedUserName_0='?' (Size = 256)], CommandType='Text', CommandTimeout='30']
      SELECT TOP(1) [u].[Id], [u].[AccessFailedCount], [u].[ConcurrencyStamp], [u].[Email], [u].[EmailConfirmed], [u].[LockoutEnabled], [u].[LockoutEnd], [u].[NormalizedEmail], [u].[NormalizedUserName], [u].[PasswordHash], [u].[PhoneNumber], [u].[PhoneNumberConfirmed], [u].[SecurityStamp], [u].[TwoFactorEnabled], [u].[UserName]
      FROM [AspNetUsers] AS [u]
      WHERE [u].[NormalizedUserName] = @__normalizedUserName_0
info: Microsoft.EntityFrameworkCore.Database.Command[20101]
      Executed DbCommand (38ms) [Parameters=[@__normalizedUserName_0='?' (Size = 256)], CommandType='Text', CommandTimeout='30']
      SELECT TOP(1) [u].[Id], [u].[AccessFailedCount], [u].[ConcurrencyStamp], [u].[Email], [u].[EmailConfirmed], [u].[LockoutEnabled], [u].[LockoutEnd], [u].[NormalizedEmail], [u].[NormalizedUserName], [u].[PasswordHash], [u].[PhoneNumber], [u].[PhoneNumberConfirmed], [u].[SecurityStamp], [u].[TwoFactorEnabled], [u].[UserName]
      FROM [AspNetUsers] AS [u]
      WHERE [u].[NormalizedUserName] = @__normalizedUserName_0
info: Microsoft.EntityFrameworkCore.Database.Command[20101]
      Executed DbCommand (38ms) [Parameters=[@__normalizedUserName_0='?' (Size = 256)], CommandType='Text', CommandTimeout='30']
      SELECT TOP(1) [u].[Id], [u].[AccessFailedCount], [u].[ConcurrencyStamp], [u].[Email], [u].[EmailConfirmed], [u].[LockoutEnabled], [u].[LockoutEnd], [u].[NormalizedEmail], [u].[NormalizedUserName], [u].[PasswordHash], [u].[PhoneNumber], [u].[PhoneNumberConfirmed], [u].[SecurityStamp], [u].[TwoFactorEnabled], [u].[UserName]
      FROM [AspNetUsers] AS [u]
      WHERE [u].[NormalizedUserName] = @__normalizedUserName_0
info: Microsoft.EntityFrameworkCore.Database.Command[20101]
      Executed DbCommand (44ms) [Parameters=[@__normalizedUserName_0='?' (Size = 256)], CommandType='Text', CommandTimeout='30']
      SELECT TOP(1) [u].[Id], [u].[AccessFailedCount], [u].[ConcurrencyStamp], [u].[Email], [u].[EmailConfirmed], [u].[LockoutEnabled], [u].[LockoutEnd], [u].[NormalizedEmail], [u].[NormalizedUserName], [u].[PasswordHash], [u].[PhoneNumber], [u].[PhoneNumberConfirmed], [u].[SecurityStamp], [u].[TwoFactorEnabled], [u].[UserName]
      FROM [AspNetUsers] AS [u]
      WHERE [u].[NormalizedUserName] = @__normalizedUserName_0
info: Microsoft.EntityFrameworkCore.Database.Command[20101]
      Executed DbCommand (44ms) [Parameters=[@__normalizedUserName_0='?' (Size = 256)], CommandType='Text', CommandTimeout='30']
      SELECT TOP(1) [u].[Id], [u].[AccessFailedCount], [u].[ConcurrencyStamp], [u].[Email], [u].[EmailConfirmed], [u].[LockoutEnabled], [u].[LockoutEnd], [u].[NormalizedEmail], [u].[NormalizedUserName], [u].[PasswordHash], [u].[PhoneNumber], [u].[PhoneNumberConfirmed], [u].[SecurityStamp], [u].[TwoFactorEnabled], [u].[UserName]
      FROM [AspNetUsers] AS [u]
      WHERE [u].[NormalizedUserName] = @__normalizedUserName_0
info: Microsoft.EntityFrameworkCore.Database.Command[20101]
      Executed DbCommand (23ms) [Parameters=[@p0='?' (DbType = Int32), @p1='?' (Size = 4000), @p2='?' (Size = 256), @p3='?' (DbType = Boolean), @p4='?' (DbType = Boolean), @p5='?' (DbType = DateTimeOffset), @p6='?' (Size = 256), @p7='?' (Size = 256), @p8='?' (Size = 4000), @p9='?' (Size = 4000), @p10='?' (DbType = Boolean), @p11='?' (Size = 4000), @p12='?' (DbType = Boolean), @p13='?' (Size = 256)], CommandType='Text', CommandTimeout='30']
      SET NOCOUNT ON;
      INSERT INTO [AspNetUsers] ([AccessFailedCount], [ConcurrencyStamp], [Email], [EmailConfirmed], [LockoutEnabled], [LockoutEnd], [NormalizedEmail], [NormalizedUserName], [PasswordHash], [PhoneNumber], [PhoneNumberConfirmed], [SecurityStamp], [TwoFactorEnabled], [UserName])
      VALUES (@p0, @p1, @p2, @p3, @p4, @p5, @p6, @p7, @p8, @p9, @p10, @p11, @p12, @p13);
      SELECT [Id]
      FROM [AspNetUsers]
      WHERE @@ROWCOUNT = 1 AND [Id] = scope_identity();
info: Microsoft.EntityFrameworkCore.Database.Command[20101]
      Executed DbCommand (23ms) [Parameters=[@p0='?' (DbType = Int32), @p1='?' (Size = 4000), @p2='?' (Size = 256), @p3='?' (DbType = Boolean), @p4='?' (DbType = Boolean), @p5='?' (DbType = DateTimeOffset), @p6='?' (Size = 256), @p7='?' (Size = 256), @p8='?' (Size = 4000), @p9='?' (Size = 4000), @p10='?' (DbType = Boolean), @p11='?' (Size = 4000), @p12='?' (DbType = Boolean), @p13='?' (Size = 256)], CommandType='Text', CommandTimeout='30']
      SET NOCOUNT ON;
      INSERT INTO [AspNetUsers] ([AccessFailedCount], [ConcurrencyStamp], [Email], [EmailConfirmed], [LockoutEnabled], [LockoutEnd], [NormalizedEmail], [NormalizedUserName], [PasswordHash], [PhoneNumber], [PhoneNumberConfirmed], [SecurityStamp], [TwoFactorEnabled], [UserName])
      VALUES (@p0, @p1, @p2, @p3, @p4, @p5, @p6, @p7, @p8, @p9, @p10, @p11, @p12, @p13);
      SELECT [Id]
      FROM [AspNetUsers]
      WHERE @@ROWCOUNT = 1 AND [Id] = scope_identity();
info: Microsoft.EntityFrameworkCore.Database.Command[20101]
      Executed DbCommand (43ms) [Parameters=[@__normalizedUserName_0='?' (Size = 256)], CommandType='Text', CommandTimeout='30']
      SELECT TOP(1) [u].[Id], [u].[AccessFailedCount], [u].[ConcurrencyStamp], [u].[Email], [u].[EmailConfirmed], [u].[LockoutEnabled], [u].[LockoutEnd], [u].[NormalizedEmail], [u].[NormalizedUserName], [u].[PasswordHash], [u].[PhoneNumber], [u].[PhoneNumberConfirmed], [u].[SecurityStamp], [u].[TwoFactorEnabled], [u].[UserName]
      FROM [AspNetUsers] AS [u]
      WHERE [u].[NormalizedUserName] = @__normalizedUserName_0
info: Microsoft.EntityFrameworkCore.Database.Command[20101]
      Executed DbCommand (43ms) [Parameters=[@__normalizedUserName_0='?' (Size = 256)], CommandType='Text', CommandTimeout='30']
      SELECT TOP(1) [u].[Id], [u].[AccessFailedCount], [u].[ConcurrencyStamp], [u].[Email], [u].[EmailConfirmed], [u].[LockoutEnabled], [u].[LockoutEnd], [u].[NormalizedEmail], [u].[NormalizedUserName], [u].[PasswordHash], [u].[PhoneNumber], [u].[PhoneNumberConfirmed], [u].[SecurityStamp], [u].[TwoFactorEnabled], [u].[UserName]
      FROM [AspNetUsers] AS [u]
      WHERE [u].[NormalizedUserName] = @__normalizedUserName_0
info: Microsoft.EntityFrameworkCore.Database.Command[20101]
      Executed DbCommand (53ms) [Parameters=[@p0='?' (Size = 4000), @p1='?' (Size = 4000), @p2='?' (DbType = Int64), @p3='?' (Size = 4000), @p4='?' (Size = 4000), @p5='?' (DbType = Int64), @p6='?' (Size = 4000), @p7='?' (Size = 4000), @p8='?' (DbType = Int64), @p9='?' (Size = 4000), @p10='?' (Size = 4000), @p11='?' (DbType = Int64), @p12='?' (Size = 4000), @p13='?' (Size = 4000), @p14='?' (DbType = Int64), @p15='?' (Size = 4000), @p16='?' (Size = 4000), @p17='?' (DbType = Int64), @p32='?' (DbType = Int64), @p18='?' (DbType = Int32), @p19='?' (Size = 4000), @p33='?' (Size = 4000), @p20='?' (Size = 256), @p21='?' (DbType = Boolean), @p22='?' (DbType = Boolean), @p23='?' (DbType = DateTimeOffset), @p24='?' (Size = 256), @p25='?' (Size = 256), @p26='?' (Size = 4000), @p27='?' (Size = 4000), @p28='?' (DbType = Boolean), @p29='?' (Size = 4000), @p30='?' (DbType = Boolean), @p31='?' (Size = 256)], CommandType='Text', CommandTimeout='30']
      SET NOCOUNT ON;
      DECLARE @inserted0 TABLE ([Id] int, [_Position] [int]);
      MERGE [AspNetUserClaims] USING (
      VALUES (@p0, @p1, @p2, 0),
      (@p3, @p4, @p5, 1),
      (@p6, @p7, @p8, 2),
      (@p9, @p10, @p11, 3),
      (@p12, @p13, @p14, 4),
      (@p15, @p16, @p17, 5)) AS i ([ClaimType], [ClaimValue], [UserId], _Position) ON 1=0
      WHEN NOT MATCHED THEN
      INSERT ([ClaimType], [ClaimValue], [UserId])
      VALUES (i.[ClaimType], i.[ClaimValue], i.[UserId])
      OUTPUT INSERTED.[Id], i._Position
      INTO @inserted0;
      
      SELECT [t].[Id] FROM [AspNetUserClaims] t
      INNER JOIN @inserted0 i ON ([t].[Id] = [i].[Id])
      ORDER BY [i].[_Position];
      
      UPDATE [AspNetUsers] SET [AccessFailedCount] = @p18, [ConcurrencyStamp] = @p19, [Email] = @p20, [EmailConfirmed] = @p21, [LockoutEnabled] = @p22, [LockoutEnd] = @p23, [NormalizedEmail] = @p24, [NormalizedUserName] = @p25, [PasswordHash] = @p26, [PhoneNumber] = @p27, [PhoneNumberConfirmed] = @p28, [SecurityStamp] = @p29, [TwoFactorEnabled] = @p30, [UserName] = @p31
      WHERE [Id] = @p32 AND [ConcurrencyStamp] = @p33;
      SELECT @@ROWCOUNT;
info: Microsoft.EntityFrameworkCore.Database.Command[20101]
      Executed DbCommand (53ms) [Parameters=[@p0='?' (Size = 4000), @p1='?' (Size = 4000), @p2='?' (DbType = Int64), @p3='?' (Size = 4000), @p4='?' (Size = 4000), @p5='?' (DbType = Int64), @p6='?' (Size = 4000), @p7='?' (Size = 4000), @p8='?' (DbType = Int64), @p9='?' (Size = 4000), @p10='?' (Size = 4000), @p11='?' (DbType = Int64), @p12='?' (Size = 4000), @p13='?' (Size = 4000), @p14='?' (DbType = Int64), @p15='?' (Size = 4000), @p16='?' (Size = 4000), @p17='?' (DbType = Int64), @p32='?' (DbType = Int64), @p18='?' (DbType = Int32), @p19='?' (Size = 4000), @p33='?' (Size = 4000), @p20='?' (Size = 256), @p21='?' (DbType = Boolean), @p22='?' (DbType = Boolean), @p23='?' (DbType = DateTimeOffset), @p24='?' (Size = 256), @p25='?' (Size = 256), @p26='?' (Size = 4000), @p27='?' (Size = 4000), @p28='?' (DbType = Boolean), @p29='?' (Size = 4000), @p30='?' (DbType = Boolean), @p31='?' (Size = 256)], CommandType='Text', CommandTimeout='30']
      SET NOCOUNT ON;
      DECLARE @inserted0 TABLE ([Id] int, [_Position] [int]);
      MERGE [AspNetUserClaims] USING (
      VALUES (@p0, @p1, @p2, 0),
      (@p3, @p4, @p5, 1),
      (@p6, @p7, @p8, 2),
      (@p9, @p10, @p11, 3),
      (@p12, @p13, @p14, 4),
      (@p15, @p16, @p17, 5)) AS i ([ClaimType], [ClaimValue], [UserId], _Position) ON 1=0
      WHEN NOT MATCHED THEN
      INSERT ([ClaimType], [ClaimValue], [UserId])
      VALUES (i.[ClaimType], i.[ClaimValue], i.[UserId])
      OUTPUT INSERTED.[Id], i._Position
      INTO @inserted0;
      
      SELECT [t].[Id] FROM [AspNetUserClaims] t
      INNER JOIN @inserted0 i ON ([t].[Id] = [i].[Id])
      ORDER BY [i].[_Position];
      
      UPDATE [AspNetUsers] SET [AccessFailedCount] = @p18, [ConcurrencyStamp] = @p19, [Email] = @p20, [EmailConfirmed] = @p21, [LockoutEnabled] = @p22, [LockoutEnd] = @p23, [NormalizedEmail] = @p24, [NormalizedUserName] = @p25, [PasswordHash] = @p26, [PhoneNumber] = @p27, [PhoneNumberConfirmed] = @p28, [SecurityStamp] = @p29, [TwoFactorEnabled] = @p30, [UserName] = @p31
      WHERE [Id] = @p32 AND [ConcurrencyStamp] = @p33;
      SELECT @@ROWCOUNT;
info: Microsoft.AspNetCore.Mvc.Internal.ControllerActionInvoker[2]
      Executed action method Phsom.Idp.Controllers.UsersController.Post (Phsom.Idp), returned result Microsoft.AspNetCore.Mvc.CreatedAtActionResult in 15503.363ms.
info: Microsoft.AspNetCore.Mvc.Internal.ControllerActionInvoker[2]
      Executed action method Phsom.Idp.Controllers.UsersController.Post (Phsom.Idp), returned result Microsoft.AspNetCore.Mvc.CreatedAtActionResult in 15503.363ms.
info: Microsoft.AspNetCore.Mvc.Infrastructure.ObjectResultExecutor[1]
      Executing ObjectResult, writing value of type 'Phsom.Idp.Models.UserDto'.
info: Microsoft.AspNetCore.Mvc.Infrastructure.ObjectResultExecutor[1]
      Executing ObjectResult, writing value of type 'Phsom.Idp.Models.UserDto'.
info: Microsoft.AspNetCore.Mvc.Internal.ControllerActionInvoker[2]
      Executed action Phsom.Idp.Controllers.UsersController.Post (Phsom.Idp) in 15659.3223ms
info: Microsoft.AspNetCore.Mvc.Internal.ControllerActionInvoker[2]
      Executed action Phsom.Idp.Controllers.UsersController.Post (Phsom.Idp) in 15659.3223ms
info: Microsoft.AspNetCore.Hosting.Internal.WebHost[2]
      Request finished in 15732.8288ms 201 application/json; charset=utf-8
info: Microsoft.AspNetCore.Hosting.Internal.WebHost[2]
      Request finished in 15732.8288ms 201 application/json; charset=utf-8
info: Microsoft.EntityFrameworkCore.Infrastructure[10403]
      Entity Framework Core 2.1.4-rtm-31024 initialized 'PersistedGrantDbContext' using provider 'Microsoft.EntityFrameworkCore.SqlServer' with options: MigrationsAssembly=Phsom.Idp 
info: Microsoft.EntityFrameworkCore.Infrastructure[10403]
      Entity Framework Core 2.1.4-rtm-31024 initialized 'PersistedGrantDbContext' using provider 'Microsoft.EntityFrameworkCore.SqlServer' with options: MigrationsAssembly=Phsom.Idp 
info: Microsoft.EntityFrameworkCore.Database.Command[20101]
      Executed DbCommand (24ms) [Parameters=[@__p_0='?' (DbType = Int32)], CommandType='Text', CommandTimeout='30']
      SELECT TOP(@__p_0) [x].[Key], [x].[ClientId], [x].[CreationTime], [x].[Data], [x].[Expiration], [x].[SubjectId], [x].[Type]
      FROM [PersistedGrants] AS [x]
      WHERE [x].[Expiration] < GETUTCDATE()
      ORDER BY [x].[Key]
info: Microsoft.EntityFrameworkCore.Database.Command[20101]
      Executed DbCommand (24ms) [Parameters=[@__p_0='?' (DbType = Int32)], CommandType='Text', CommandTimeout='30']
      SELECT TOP(@__p_0) [x].[Key], [x].[ClientId], [x].[CreationTime], [x].[Data], [x].[Expiration], [x].[SubjectId], [x].[Type]
      FROM [PersistedGrants] AS [x]
      WHERE [x].[Expiration] < GETUTCDATE()
      ORDER BY [x].[Key]
info: IdentityServer4.EntityFramework.TokenCleanup[0]
      Clearing 0 tokens
info: IdentityServer4.EntityFramework.TokenCleanup[0]
      Clearing 0 tokens
info: Microsoft.AspNetCore.Hosting.Internal.WebHost[1]
      Request starting HTTP/1.1 POST http://localhost:44352/api/Users application/json 262
info: Microsoft.AspNetCore.Hosting.Internal.WebHost[1]
      Request starting HTTP/1.1 POST http://localhost:44352/api/Users application/json 262
info: Microsoft.AspNetCore.Cors.Infrastructure.CorsService[4]
      Policy execution successful.
info: Microsoft.AspNetCore.Cors.Infrastructure.CorsService[4]
      Policy execution successful.
info: Microsoft.AspNetCore.Mvc.Internal.ControllerActionInvoker[1]
      Route matched with {action = "Post", controller = "Users"}. Executing action Phsom.Idp.Controllers.UsersController.Post (Phsom.Idp)
info: Microsoft.AspNetCore.Mvc.Internal.ControllerActionInvoker[1]
      Route matched with {action = "Post", controller = "Users"}. Executing action Phsom.Idp.Controllers.UsersController.Post (Phsom.Idp)
info: Microsoft.AspNetCore.Mvc.Internal.ControllerActionInvoker[1]
      Executing action method Phsom.Idp.Controllers.UsersController.Post (Phsom.Idp) with arguments (Phsom.Idp.Models.UserCreationDto) - Validation state: Valid
info: Microsoft.AspNetCore.Mvc.Internal.ControllerActionInvoker[1]
      Executing action method Phsom.Idp.Controllers.UsersController.Post (Phsom.Idp) with arguments (Phsom.Idp.Models.UserCreationDto) - Validation state: Valid
info: Microsoft.EntityFrameworkCore.Infrastructure[10403]
      Entity Framework Core 2.1.4-rtm-31024 initialized 'ApplicationDbContext' using provider 'Microsoft.EntityFrameworkCore.SqlServer' with options: using lazy-loading proxies MigrationsAssembly=Phsom.Idp 
info: Microsoft.EntityFrameworkCore.Infrastructure[10403]
      Entity Framework Core 2.1.4-rtm-31024 initialized 'ApplicationDbContext' using provider 'Microsoft.EntityFrameworkCore.SqlServer' with options: using lazy-loading proxies MigrationsAssembly=Phsom.Idp 
info: Microsoft.EntityFrameworkCore.Database.Command[20101]
      Executed DbCommand (37ms) [Parameters=[@__normalizedUserName_0='?' (Size = 256)], CommandType='Text', CommandTimeout='30']
      SELECT TOP(1) [u].[Id], [u].[AccessFailedCount], [u].[ConcurrencyStamp], [u].[Email], [u].[EmailConfirmed], [u].[LockoutEnabled], [u].[LockoutEnd], [u].[NormalizedEmail], [u].[NormalizedUserName], [u].[PasswordHash], [u].[PhoneNumber], [u].[PhoneNumberConfirmed], [u].[SecurityStamp], [u].[TwoFactorEnabled], [u].[UserName]
      FROM [AspNetUsers] AS [u]
      WHERE [u].[NormalizedUserName] = @__normalizedUserName_0
info: Microsoft.EntityFrameworkCore.Database.Command[20101]
      Executed DbCommand (37ms) [Parameters=[@__normalizedUserName_0='?' (Size = 256)], CommandType='Text', CommandTimeout='30']
      SELECT TOP(1) [u].[Id], [u].[AccessFailedCount], [u].[ConcurrencyStamp], [u].[Email], [u].[EmailConfirmed], [u].[LockoutEnabled], [u].[LockoutEnd], [u].[NormalizedEmail], [u].[NormalizedUserName], [u].[PasswordHash], [u].[PhoneNumber], [u].[PhoneNumberConfirmed], [u].[SecurityStamp], [u].[TwoFactorEnabled], [u].[UserName]
      FROM [AspNetUsers] AS [u]
      WHERE [u].[NormalizedUserName] = @__normalizedUserName_0
info: Microsoft.EntityFrameworkCore.Database.Command[20101]
      Executed DbCommand (38ms) [Parameters=[@__normalizedUserName_0='?' (Size = 256)], CommandType='Text', CommandTimeout='30']
      SELECT TOP(1) [u].[Id], [u].[AccessFailedCount], [u].[ConcurrencyStamp], [u].[Email], [u].[EmailConfirmed], [u].[LockoutEnabled], [u].[LockoutEnd], [u].[NormalizedEmail], [u].[NormalizedUserName], [u].[PasswordHash], [u].[PhoneNumber], [u].[PhoneNumberConfirmed], [u].[SecurityStamp], [u].[TwoFactorEnabled], [u].[UserName]
      FROM [AspNetUsers] AS [u]
      WHERE [u].[NormalizedUserName] = @__normalizedUserName_0
info: Microsoft.EntityFrameworkCore.Database.Command[20101]
      Executed DbCommand (38ms) [Parameters=[@__normalizedUserName_0='?' (Size = 256)], CommandType='Text', CommandTimeout='30']
      SELECT TOP(1) [u].[Id], [u].[AccessFailedCount], [u].[ConcurrencyStamp], [u].[Email], [u].[EmailConfirmed], [u].[LockoutEnabled], [u].[LockoutEnd], [u].[NormalizedEmail], [u].[NormalizedUserName], [u].[PasswordHash], [u].[PhoneNumber], [u].[PhoneNumberConfirmed], [u].[SecurityStamp], [u].[TwoFactorEnabled], [u].[UserName]
      FROM [AspNetUsers] AS [u]
      WHERE [u].[NormalizedUserName] = @__normalizedUserName_0
info: Microsoft.AspNetCore.Mvc.Internal.ControllerActionInvoker[2]
      Executed action Phsom.Idp.Controllers.UsersController.Post (Phsom.Idp) in 4605.3354ms
info: Microsoft.AspNetCore.Mvc.Internal.ControllerActionInvoker[2]
      Executed action Phsom.Idp.Controllers.UsersController.Post (Phsom.Idp) in 4605.3354ms
fail: Microsoft.AspNetCore.Diagnostics.DeveloperExceptionPageMiddleware[1]
      An unhandled exception has occurred while executing the request.
System.FormatException: Input string was not in a correct format.
   at System.Number.StringToNumber(ReadOnlySpan`1 str, NumberStyles options, NumberBuffer& number, NumberFormatInfo info, Boolean parseDecimal)
   at System.Number.ParseInt32(ReadOnlySpan`1 s, NumberStyles style, NumberFormatInfo info)
   at System.Int32.Parse(String s)
   at Phsom.Idp.Controllers.UsersController.CreateUser(UserCreationDto userCreationDto, String userName) in D:\Phsom\phsom-identity-server\Phsom.Idp\Controllers\UsersController.cs:line 242
   at Phsom.Idp.Controllers.UsersController.CreateUser(UserCreationDto userCreationDto, String userName) in D:\Phsom\phsom-identity-server\Phsom.Idp\Controllers\UsersController.cs:line 239
   at Phsom.Idp.Controllers.UsersController.Post(UserCreationDto userCreationDto) in D:\Phsom\phsom-identity-server\Phsom.Idp\Controllers\UsersController.cs:line 180
   at lambda_method(Closure , Object )
   at Microsoft.Extensions.Internal.ObjectMethodExecutorAwaitable.Awaiter.GetResult()
   at Microsoft.AspNetCore.Mvc.Internal.ActionMethodExecutor.AwaitableObjectResultExecutor.Execute(IActionResultTypeMapper mapper, ObjectMethodExecutor executor, Object controller, Object[] arguments)
   at System.Threading.Tasks.ValueTask`1.get_Result()
   at Microsoft.AspNetCore.Mvc.Internal.ControllerActionInvoker.InvokeActionMethodAsync()
   at Microsoft.AspNetCore.Mvc.Internal.ControllerActionInvoker.InvokeNextActionFilterAsync()
   at Microsoft.AspNetCore.Mvc.Internal.ControllerActionInvoker.Rethrow(ActionExecutedContext context)
   at Microsoft.AspNetCore.Mvc.Internal.ControllerActionInvoker.Next(State& next, Scope& scope, Object& state, Boolean& isCompleted)
   at Microsoft.AspNetCore.Mvc.Internal.ControllerActionInvoker.InvokeInnerFilterAsync()
   at Microsoft.AspNetCore.Mvc.Internal.ResourceInvoker.InvokeNextResourceFilter()
   at Microsoft.AspNetCore.Mvc.Internal.ResourceInvoker.Rethrow(ResourceExecutedContext context)
   at Microsoft.AspNetCore.Mvc.Internal.ResourceInvoker.Next(State& next, Scope& scope, Object& state, Boolean& isCompleted)
   at Microsoft.AspNetCore.Mvc.Internal.ResourceInvoker.InvokeFilterPipelineAsync()
   at Microsoft.AspNetCore.Mvc.Internal.ResourceInvoker.InvokeAsync()
   at Microsoft.AspNetCore.Builder.RouterMiddleware.Invoke(HttpContext httpContext)
   at Microsoft.AspNetCore.StaticFiles.StaticFileMiddleware.Invoke(HttpContext context)
   at Swashbuckle.AspNetCore.SwaggerUI.SwaggerUIMiddleware.Invoke(HttpContext httpContext)
   at Swashbuckle.AspNetCore.Swagger.SwaggerMiddleware.Invoke(HttpContext httpContext, ISwaggerProvider swaggerProvider)
   at Microsoft.AspNetCore.StaticFiles.StaticFileMiddleware.Invoke(HttpContext context)
   at IdentityServer4.Hosting.IdentityServerMiddleware.Invoke(HttpContext context, IEndpointRouter router, IUserSession session, IEventService events) in C:\local\identity\server4\IdentityServer4\src\IdentityServer4\Hosting\IdentityServerMiddleware.cs:line 72
   at Microsoft.AspNetCore.Authentication.AuthenticationMiddleware.Invoke(HttpContext context)
   at Microsoft.AspNetCore.Cors.Infrastructure.CorsMiddleware.Invoke(HttpContext context)
   at IdentityServer4.Hosting.BaseUrlMiddleware.Invoke(HttpContext context) in C:\local\identity\server4\IdentityServer4\src\IdentityServer4\Hosting\BaseUrlMiddleware.cs:line 36
   at Microsoft.AspNetCore.Cors.Infrastructure.CorsMiddleware.Invoke(HttpContext context)
   at Microsoft.AspNetCore.Diagnostics.EntityFrameworkCore.MigrationsEndPointMiddleware.Invoke(HttpContext context)
   at Microsoft.AspNetCore.Diagnostics.EntityFrameworkCore.DatabaseErrorPageMiddleware.Invoke(HttpContext httpContext)
   at Microsoft.AspNetCore.Diagnostics.EntityFrameworkCore.DatabaseErrorPageMiddleware.Invoke(HttpContext httpContext)
   at Microsoft.AspNetCore.Diagnostics.DeveloperExceptionPageMiddleware.Invoke(HttpContext context)
fail: Microsoft.AspNetCore.Diagnostics.DeveloperExceptionPageMiddleware[1]
      An unhandled exception has occurred while executing the request.
System.FormatException: Input string was not in a correct format.
   at System.Number.StringToNumber(ReadOnlySpan`1 str, NumberStyles options, NumberBuffer& number, NumberFormatInfo info, Boolean parseDecimal)
   at System.Number.ParseInt32(ReadOnlySpan`1 s, NumberStyles style, NumberFormatInfo info)
   at System.Int32.Parse(String s)
   at Phsom.Idp.Controllers.UsersController.CreateUser(UserCreationDto userCreationDto, String userName) in D:\Phsom\phsom-identity-server\Phsom.Idp\Controllers\UsersController.cs:line 242
   at Phsom.Idp.Controllers.UsersController.CreateUser(UserCreationDto userCreationDto, String userName) in D:\Phsom\phsom-identity-server\Phsom.Idp\Controllers\UsersController.cs:line 239
   at Phsom.Idp.Controllers.UsersController.Post(UserCreationDto userCreationDto) in D:\Phsom\phsom-identity-server\Phsom.Idp\Controllers\UsersController.cs:line 180
   at lambda_method(Closure , Object )
   at Microsoft.Extensions.Internal.ObjectMethodExecutorAwaitable.Awaiter.GetResult()
   at Microsoft.AspNetCore.Mvc.Internal.ActionMethodExecutor.AwaitableObjectResultExecutor.Execute(IActionResultTypeMapper mapper, ObjectMethodExecutor executor, Object controller, Object[] arguments)
   at System.Threading.Tasks.ValueTask`1.get_Result()
   at Microsoft.AspNetCore.Mvc.Internal.ControllerActionInvoker.InvokeActionMethodAsync()
   at Microsoft.AspNetCore.Mvc.Internal.ControllerActionInvoker.InvokeNextActionFilterAsync()
   at Microsoft.AspNetCore.Mvc.Internal.ControllerActionInvoker.Rethrow(ActionExecutedContext context)
   at Microsoft.AspNetCore.Mvc.Internal.ControllerActionInvoker.Next(State& next, Scope& scope, Object& state, Boolean& isCompleted)
   at Microsoft.AspNetCore.Mvc.Internal.ControllerActionInvoker.InvokeInnerFilterAsync()
   at Microsoft.AspNetCore.Mvc.Internal.ResourceInvoker.InvokeNextResourceFilter()
   at Microsoft.AspNetCore.Mvc.Internal.ResourceInvoker.Rethrow(ResourceExecutedContext context)
   at Microsoft.AspNetCore.Mvc.Internal.ResourceInvoker.Next(State& next, Scope& scope, Object& state, Boolean& isCompleted)
   at Microsoft.AspNetCore.Mvc.Internal.ResourceInvoker.InvokeFilterPipelineAsync()
   at Microsoft.AspNetCore.Mvc.Internal.ResourceInvoker.InvokeAsync()
   at Microsoft.AspNetCore.Builder.RouterMiddleware.Invoke(HttpContext httpContext)
   at Microsoft.AspNetCore.StaticFiles.StaticFileMiddleware.Invoke(HttpContext context)
   at Swashbuckle.AspNetCore.SwaggerUI.SwaggerUIMiddleware.Invoke(HttpContext httpContext)
   at Swashbuckle.AspNetCore.Swagger.SwaggerMiddleware.Invoke(HttpContext httpContext, ISwaggerProvider swaggerProvider)
   at Microsoft.AspNetCore.StaticFiles.StaticFileMiddleware.Invoke(HttpContext context)
   at IdentityServer4.Hosting.IdentityServerMiddleware.Invoke(HttpContext context, IEndpointRouter router, IUserSession session, IEventService events) in C:\local\identity\server4\IdentityServer4\src\IdentityServer4\Hosting\IdentityServerMiddleware.cs:line 72
   at Microsoft.AspNetCore.Authentication.AuthenticationMiddleware.Invoke(HttpContext context)
   at Microsoft.AspNetCore.Cors.Infrastructure.CorsMiddleware.Invoke(HttpContext context)
   at IdentityServer4.Hosting.BaseUrlMiddleware.Invoke(HttpContext context) in C:\local\identity\server4\IdentityServer4\src\IdentityServer4\Hosting\BaseUrlMiddleware.cs:line 36
   at Microsoft.AspNetCore.Cors.Infrastructure.CorsMiddleware.Invoke(HttpContext context)
   at Microsoft.AspNetCore.Diagnostics.EntityFrameworkCore.MigrationsEndPointMiddleware.Invoke(HttpContext context)
   at Microsoft.AspNetCore.Diagnostics.EntityFrameworkCore.DatabaseErrorPageMiddleware.Invoke(HttpContext httpContext)
   at Microsoft.AspNetCore.Diagnostics.EntityFrameworkCore.DatabaseErrorPageMiddleware.Invoke(HttpContext httpContext)
   at Microsoft.AspNetCore.Diagnostics.DeveloperExceptionPageMiddleware.Invoke(HttpContext context)
info: Microsoft.AspNetCore.Hosting.Internal.WebHost[2]
      Request finished in 6778.4355ms 500 text/html; charset=utf-8
info: Microsoft.AspNetCore.Hosting.Internal.WebHost[2]
      Request finished in 6778.4355ms 500 text/html; charset=utf-8
info: Microsoft.EntityFrameworkCore.Infrastructure[10403]
      Entity Framework Core 2.1.4-rtm-31024 initialized 'PersistedGrantDbContext' using provider 'Microsoft.EntityFrameworkCore.SqlServer' with options: MigrationsAssembly=Phsom.Idp 
info: Microsoft.EntityFrameworkCore.Infrastructure[10403]
      Entity Framework Core 2.1.4-rtm-31024 initialized 'PersistedGrantDbContext' using provider 'Microsoft.EntityFrameworkCore.SqlServer' with options: MigrationsAssembly=Phsom.Idp 
info: Microsoft.EntityFrameworkCore.Database.Command[20101]
      Executed DbCommand (15ms) [Parameters=[@__p_0='?' (DbType = Int32)], CommandType='Text', CommandTimeout='30']
      SELECT TOP(@__p_0) [x].[Key], [x].[ClientId], [x].[CreationTime], [x].[Data], [x].[Expiration], [x].[SubjectId], [x].[Type]
      FROM [PersistedGrants] AS [x]
      WHERE [x].[Expiration] < GETUTCDATE()
      ORDER BY [x].[Key]
info: Microsoft.EntityFrameworkCore.Database.Command[20101]
      Executed DbCommand (15ms) [Parameters=[@__p_0='?' (DbType = Int32)], CommandType='Text', CommandTimeout='30']
      SELECT TOP(@__p_0) [x].[Key], [x].[ClientId], [x].[CreationTime], [x].[Data], [x].[Expiration], [x].[SubjectId], [x].[Type]
      FROM [PersistedGrants] AS [x]
      WHERE [x].[Expiration] < GETUTCDATE()
      ORDER BY [x].[Key]
info: IdentityServer4.EntityFramework.TokenCleanup[0]
      Clearing 0 tokens
info: IdentityServer4.EntityFramework.TokenCleanup[0]
      Clearing 0 tokens
info: Microsoft.AspNetCore.Hosting.Internal.WebHost[1]
      Request starting HTTP/1.1 POST http://localhost:44352/api/Users application/json 262
info: Microsoft.AspNetCore.Hosting.Internal.WebHost[1]
      Request starting HTTP/1.1 POST http://localhost:44352/api/Users application/json 262
info: Microsoft.AspNetCore.Cors.Infrastructure.CorsService[4]
      Policy execution successful.
info: Microsoft.AspNetCore.Cors.Infrastructure.CorsService[4]
      Policy execution successful.
info: Microsoft.AspNetCore.Mvc.Internal.ControllerActionInvoker[1]
      Route matched with {action = "Post", controller = "Users"}. Executing action Phsom.Idp.Controllers.UsersController.Post (Phsom.Idp)
info: Microsoft.AspNetCore.Mvc.Internal.ControllerActionInvoker[1]
      Route matched with {action = "Post", controller = "Users"}. Executing action Phsom.Idp.Controllers.UsersController.Post (Phsom.Idp)
info: Microsoft.AspNetCore.Mvc.Internal.ControllerActionInvoker[1]
      Executing action method Phsom.Idp.Controllers.UsersController.Post (Phsom.Idp) with arguments (Phsom.Idp.Models.UserCreationDto) - Validation state: Valid
info: Microsoft.AspNetCore.Mvc.Internal.ControllerActionInvoker[1]
      Executing action method Phsom.Idp.Controllers.UsersController.Post (Phsom.Idp) with arguments (Phsom.Idp.Models.UserCreationDto) - Validation state: Valid
info: Microsoft.EntityFrameworkCore.Infrastructure[10403]
      Entity Framework Core 2.1.4-rtm-31024 initialized 'ApplicationDbContext' using provider 'Microsoft.EntityFrameworkCore.SqlServer' with options: using lazy-loading proxies MigrationsAssembly=Phsom.Idp 
info: Microsoft.EntityFrameworkCore.Infrastructure[10403]
      Entity Framework Core 2.1.4-rtm-31024 initialized 'ApplicationDbContext' using provider 'Microsoft.EntityFrameworkCore.SqlServer' with options: using lazy-loading proxies MigrationsAssembly=Phsom.Idp 
info: Microsoft.EntityFrameworkCore.Database.Command[20101]
      Executed DbCommand (39ms) [Parameters=[@__normalizedUserName_0='?' (Size = 256)], CommandType='Text', CommandTimeout='30']
      SELECT TOP(1) [u].[Id], [u].[AccessFailedCount], [u].[ConcurrencyStamp], [u].[Email], [u].[EmailConfirmed], [u].[LockoutEnabled], [u].[LockoutEnd], [u].[NormalizedEmail], [u].[NormalizedUserName], [u].[PasswordHash], [u].[PhoneNumber], [u].[PhoneNumberConfirmed], [u].[SecurityStamp], [u].[TwoFactorEnabled], [u].[UserName]
      FROM [AspNetUsers] AS [u]
      WHERE [u].[NormalizedUserName] = @__normalizedUserName_0
info: Microsoft.EntityFrameworkCore.Database.Command[20101]
      Executed DbCommand (39ms) [Parameters=[@__normalizedUserName_0='?' (Size = 256)], CommandType='Text', CommandTimeout='30']
      SELECT TOP(1) [u].[Id], [u].[AccessFailedCount], [u].[ConcurrencyStamp], [u].[Email], [u].[EmailConfirmed], [u].[LockoutEnabled], [u].[LockoutEnd], [u].[NormalizedEmail], [u].[NormalizedUserName], [u].[PasswordHash], [u].[PhoneNumber], [u].[PhoneNumberConfirmed], [u].[SecurityStamp], [u].[TwoFactorEnabled], [u].[UserName]
      FROM [AspNetUsers] AS [u]
      WHERE [u].[NormalizedUserName] = @__normalizedUserName_0
info: Microsoft.EntityFrameworkCore.Database.Command[20101]
      Executed DbCommand (37ms) [Parameters=[@__normalizedUserName_0='?' (Size = 256)], CommandType='Text', CommandTimeout='30']
      SELECT TOP(1) [u].[Id], [u].[AccessFailedCount], [u].[ConcurrencyStamp], [u].[Email], [u].[EmailConfirmed], [u].[LockoutEnabled], [u].[LockoutEnd], [u].[NormalizedEmail], [u].[NormalizedUserName], [u].[PasswordHash], [u].[PhoneNumber], [u].[PhoneNumberConfirmed], [u].[SecurityStamp], [u].[TwoFactorEnabled], [u].[UserName]
      FROM [AspNetUsers] AS [u]
      WHERE [u].[NormalizedUserName] = @__normalizedUserName_0
info: Microsoft.EntityFrameworkCore.Database.Command[20101]
      Executed DbCommand (37ms) [Parameters=[@__normalizedUserName_0='?' (Size = 256)], CommandType='Text', CommandTimeout='30']
      SELECT TOP(1) [u].[Id], [u].[AccessFailedCount], [u].[ConcurrencyStamp], [u].[Email], [u].[EmailConfirmed], [u].[LockoutEnabled], [u].[LockoutEnd], [u].[NormalizedEmail], [u].[NormalizedUserName], [u].[PasswordHash], [u].[PhoneNumber], [u].[PhoneNumberConfirmed], [u].[SecurityStamp], [u].[TwoFactorEnabled], [u].[UserName]
      FROM [AspNetUsers] AS [u]
      WHERE [u].[NormalizedUserName] = @__normalizedUserName_0
info: Microsoft.EntityFrameworkCore.Infrastructure[10403]
      Entity Framework Core 2.1.4-rtm-31024 initialized 'PersistedGrantDbContext' using provider 'Microsoft.EntityFrameworkCore.SqlServer' with options: MigrationsAssembly=Phsom.Idp 
info: Microsoft.EntityFrameworkCore.Infrastructure[10403]
      Entity Framework Core 2.1.4-rtm-31024 initialized 'PersistedGrantDbContext' using provider 'Microsoft.EntityFrameworkCore.SqlServer' with options: MigrationsAssembly=Phsom.Idp 



















































































































